# JRE version: OpenJDK Runtime Environment (16.0.2+7) (build 16.0.2+7-67)
# Java VM: OpenJDK 64-Bit Server VM (16.0.2+7-67, mixed mode, tiered, compressed oops, compressed class ptrs, g1 gc, windows-amd64)
GC Precious Log:
 CPUs: 8 total, 8 available
 Memory: 16103M
 Large Page Support: Disabled
 NUMA Support: Disabled
 Compressed Oops: Enabled (Zero based)
 Heap Region Size: 2M
 Heap Min Capacity: 8M
 Heap Initial Capacity: 252M
 Heap Max Capacity: 4026M
 Pre-touch: Disabled
 Parallel Workers: 8
 Concurrent Workers: 2
 Concurrent Refinement Workers: 8
 Periodic GC: Disabled
Heap:
 garbage-first heap   total 75776K, used 23465K [0x0000000704600000, 0x0000000800000000)
  region size 2048K, 2 young (4096K), 2 survivors (4096K)
 Metaspace       used 60628K, committed 60992K, reserved 1105920K
  class space    used 8005K, committed 8192K, reserved 1048576K
GC Heap History (20 events):
Event: 1.845 GC heap after
{Heap after GC invocations=2 (full 0):
 garbage-first heap   total 258048K, used 8073K [0x0000000704600000, 0x0000000800000000)
  region size 2048K, 1 young (2048K), 1 survivors (2048K)
 Metaspace       used 18655K, committed 18944K, reserved 1073152K
  class space    used 2068K, committed 2240K, reserved 1048576K
}
Event: 1.975 GC heap before
{Heap before GC invocations=2 (full 0):
 garbage-first heap   total 258048K, used 16265K [0x0000000704600000, 0x0000000800000000)
  region size 2048K, 7 young (14336K), 1 survivors (2048K)
 Metaspace       used 20992K, committed 21248K, reserved 1073152K
  class space    used 2370K, committed 2496K, reserved 1048576K
}
Event: 1.978 GC heap after
{Heap after GC invocations=3 (full 0):
 garbage-first heap   total 258048K, used 8521K [0x0000000704600000, 0x0000000800000000)
  region size 2048K, 1 young (2048K), 1 survivors (2048K)
 Metaspace       used 20992K, committed 21248K, reserved 1073152K
  class space    used 2370K, committed 2496K, reserved 1048576K
}
Event: 2.398 GC heap before
{Heap before GC invocations=4 (full 0):
 garbage-first heap   total 49152K, used 45385K [0x0000000704600000, 0x0000000800000000)
  region size 2048K, 20 young (40960K), 1 survivors (2048K)
 Metaspace       used 25996K, committed 26304K, reserved 1073152K
  class space    used 3040K, committed 3200K, reserved 1048576K
}
Event: 2.403 GC heap after
{Heap after GC invocations=5 (full 0):
 garbage-first heap   total 53248K, used 9781K [0x0000000704600000, 0x0000000800000000)
  region size 2048K, 2 young (4096K), 2 survivors (4096K)
 Metaspace       used 25996K, committed 26304K, reserved 1073152K
  class space    used 3040K, committed 3200K, reserved 1048576K
}
Event: 2.408 GC heap before
{Heap before GC invocations=5 (full 0):
 garbage-first heap   total 53248K, used 30261K [0x0000000704600000, 0x0000000800000000)
  region size 2048K, 13 young (26624K), 2 survivors (4096K)
 Metaspace       used 26065K, committed 26368K, reserved 1073152K
  class space    used 3045K, committed 3200K, reserved 1048576K
}
Event: 2.413 GC heap after
{Heap after GC invocations=6 (full 0):
 garbage-first heap   total 155648K, used 9990K [0x0000000704600000, 0x0000000800000000)
  region size 2048K, 2 young (4096K), 2 survivors (4096K)
 Metaspace       used 26065K, committed 26368K, reserved 1073152K
  class space    used 3045K, committed 3200K, reserved 1048576K
}
Event: 3.570 GC heap before
{Heap before GC invocations=6 (full 0):
 garbage-first heap   total 155648K, used 96006K [0x0000000704600000, 0x0000000800000000)
  region size 2048K, 45 young (92160K), 2 survivors (4096K)
 Metaspace       used 34643K, committed 34944K, reserved 1081344K
  class space    used 4265K, committed 4416K, reserved 1048576K
}
Event: 3.581 GC heap after
{Heap after GC invocations=7 (full 0):
 garbage-first heap   total 155648K, used 14490K [0x0000000704600000, 0x0000000800000000)
  region size 2048K, 4 young (8192K), 4 survivors (8192K)
 Metaspace       used 34643K, committed 34944K, reserved 1081344K
  class space    used 4265K, committed 4416K, reserved 1048576K
}
Event: 3.719 GC heap before
{Heap before GC invocations=7 (full 0):
 garbage-first heap   total 155648K, used 37018K [0x0000000704600000, 0x0000000800000000)
  region size 2048K, 17 young (34816K), 4 survivors (8192K)
 Metaspace       used 35473K, committed 35776K, reserved 1081344K
  class space    used 4373K, committed 4544K, reserved 1048576K
}
Event: 3.724 GC heap after
{Heap after GC invocations=8 (full 0):
 garbage-first heap   total 155648K, used 15119K [0x0000000704600000, 0x0000000800000000)
  region size 2048K, 4 young (8192K), 4 survivors (8192K)
 Metaspace       used 35473K, committed 35776K, reserved 1081344K
  class space    used 4373K, committed 4544K, reserved 1048576K
}
Event: 4.375 GC heap before
{Heap before GC invocations=9 (full 0):
 garbage-first heap   total 75776K, used 51983K [0x0000000704600000, 0x0000000800000000)
  region size 2048K, 22 young (45056K), 4 survivors (8192K)
 Metaspace       used 43625K, committed 43968K, reserved 1089536K
  class space    used 5575K, committed 5760K, reserved 1048576K
}
Event: 4.382 GC heap after
{Heap after GC invocations=10 (full 0):
 garbage-first heap   total 75776K, used 17206K [0x0000000704600000, 0x0000000800000000)
  region size 2048K, 2 young (4096K), 2 survivors (4096K)
 Metaspace       used 43625K, committed 43968K, reserved 1089536K
  class space    used 5575K, committed 5760K, reserved 1048576K
}
Event: 4.963 GC heap before
{Heap before GC invocations=10 (full 0):
 garbage-first heap   total 75776K, used 56118K [0x0000000704600000, 0x0000000800000000)
  region size 2048K, 21 young (43008K), 2 survivors (4096K)
 Metaspace       used 52417K, committed 52800K, reserved 1097728K
  class space    used 6730K, committed 6912K, reserved 1048576K
}
Event: 4.969 GC heap after
{Heap after GC invocations=11 (full 0):
 garbage-first heap   total 75776K, used 19975K [0x0000000704600000, 0x0000000800000000)
  region size 2048K, 3 young (6144K), 3 survivors (6144K)
 Metaspace       used 52417K, committed 52800K, reserved 1097728K
  class space    used 6730K, committed 6912K, reserved 1048576K
}
Event: 5.633 GC heap before
{Heap before GC invocations=11 (full 0):
 garbage-first heap   total 75776K, used 56839K [0x0000000704600000, 0x0000000800000000)
  region size 2048K, 21 young (43008K), 3 survivors (6144K)
 Metaspace       used 58367K, committed 58752K, reserved 1105920K
  class space    used 7646K, committed 7808K, reserved 1048576K
}
Event: 5.640 GC heap after
{Heap after GC invocations=12 (full 0):
 garbage-first heap   total 75776K, used 22157K [0x0000000704600000, 0x0000000800000000)
  region size 2048K, 3 young (6144K), 3 survivors (6144K)
 Metaspace       used 58367K, committed 58752K, reserved 1105920K
  class space    used 7646K, committed 7808K, reserved 1048576K
}
Event: 5.719 GC heap before
{Heap before GC invocations=12 (full 0):
 garbage-first heap   total 75776K, used 26253K [0x0000000704600000, 0x0000000800000000)
  region size 2048K, 6 young (12288K), 3 survivors (6144K)
 Metaspace       used 59508K, committed 59840K, reserved 1105920K
  class space    used 7782K, committed 7936K, reserved 1048576K
}
Event: 5.728 GC heap after
{Heap after GC invocations=13 (full 0):
 garbage-first heap   total 75776K, used 22268K [0x0000000704600000, 0x0000000800000000)
  region size 2048K, 2 young (4096K), 2 survivors (4096K)
 Metaspace       used 59508K, committed 59840K, reserved 1105920K
  class space    used 7782K, committed 7936K, reserved 1048576K
}
Event: 6.057 GC heap before
{Heap before GC invocations=14 (full 0):
 garbage-first heap   total 75776K, used 57084K [0x0000000704600000, 0x0000000800000000)
  region size 2048K, 19 young (38912K), 2 survivors (4096K)
 Metaspace       used 60628K, committed 60992K, reserved 1105920K
  class space    used 8005K, committed 8192K, reserved 1048576K
}

